<?xml version="1.0" encoding="UTF-8"?>
<testsuite xmlns:xsi="http://www.w3.org/2001/XMLSchema-instance" xsi:noNamespaceSchemaLocation="https://maven.apache.org/surefire/maven-surefire-plugin/xsd/surefire-test-report.xsd" name="com.hackerRankApiTest.com.restApiTest.ApplicationTests" time="17.606" tests="9" errors="0" skipped="0" failures="0">
  <properties>
    <property name="sun.desktop" value="windows"/>
    <property name="awt.toolkit" value="sun.awt.windows.WToolkit"/>
    <property name="file.encoding.pkg" value="sun.io"/>
    <property name="java.specification.version" value="1.8"/>
    <property name="sun.cpu.isalist" value="amd64"/>
    <property name="sun.jnu.encoding" value="Cp1252"/>
    <property name="java.class.path" value="C:\Users\ssiddiqhi\Documents\Personal files\Learnings and help files\projects\com.restApiTest\com.restApiTest\target\test-classes;C:\Users\ssiddiqhi\Documents\Personal files\Learnings and help files\projects\com.restApiTest\com.restApiTest\target\classes;C:\projects\mvn-repo\org\springframework\boot\spring-boot-starter-test\2.0.5.RELEASE\spring-boot-starter-test-2.0.5.RELEASE.jar;C:\projects\mvn-repo\org\springframework\boot\spring-boot-starter\2.0.5.RELEASE\spring-boot-starter-2.0.5.RELEASE.jar;C:\projects\mvn-repo\org\springframework\boot\spring-boot\2.0.5.RELEASE\spring-boot-2.0.5.RELEASE.jar;C:\projects\mvn-repo\org\springframework\boot\spring-boot-autoconfigure\2.0.5.RELEASE\spring-boot-autoconfigure-2.0.5.RELEASE.jar;C:\projects\mvn-repo\org\springframework\boot\spring-boot-starter-logging\2.0.5.RELEASE\spring-boot-starter-logging-2.0.5.RELEASE.jar;C:\projects\mvn-repo\ch\qos\logback\logback-classic\1.2.3\logback-classic-1.2.3.jar;C:\projects\mvn-repo\ch\qos\logback\logback-core\1.2.3\logback-core-1.2.3.jar;C:\projects\mvn-repo\org\apache\logging\log4j\log4j-to-slf4j\2.10.0\log4j-to-slf4j-2.10.0.jar;C:\projects\mvn-repo\org\apache\logging\log4j\log4j-api\2.10.0\log4j-api-2.10.0.jar;C:\projects\mvn-repo\org\slf4j\jul-to-slf4j\1.7.25\jul-to-slf4j-1.7.25.jar;C:\projects\mvn-repo\javax\annotation\javax.annotation-api\1.3.2\javax.annotation-api-1.3.2.jar;C:\projects\mvn-repo\org\yaml\snakeyaml\1.19\snakeyaml-1.19.jar;C:\projects\mvn-repo\org\springframework\boot\spring-boot-test\2.0.5.RELEASE\spring-boot-test-2.0.5.RELEASE.jar;C:\projects\mvn-repo\org\springframework\boot\spring-boot-test-autoconfigure\2.0.5.RELEASE\spring-boot-test-autoconfigure-2.0.5.RELEASE.jar;C:\projects\mvn-repo\com\jayway\jsonpath\json-path\2.4.0\json-path-2.4.0.jar;C:\projects\mvn-repo\net\minidev\json-smart\2.3\json-smart-2.3.jar;C:\projects\mvn-repo\net\minidev\accessors-smart\1.2\accessors-smart-1.2.jar;C:\projects\mvn-repo\org\ow2\asm\asm\5.0.4\asm-5.0.4.jar;C:\projects\mvn-repo\org\slf4j\slf4j-api\1.7.25\slf4j-api-1.7.25.jar;C:\projects\mvn-repo\junit\junit\4.12\junit-4.12.jar;C:\projects\mvn-repo\org\assertj\assertj-core\3.9.1\assertj-core-3.9.1.jar;C:\projects\mvn-repo\org\mockito\mockito-core\2.15.0\mockito-core-2.15.0.jar;C:\projects\mvn-repo\net\bytebuddy\byte-buddy\1.7.11\byte-buddy-1.7.11.jar;C:\projects\mvn-repo\net\bytebuddy\byte-buddy-agent\1.7.11\byte-buddy-agent-1.7.11.jar;C:\projects\mvn-repo\org\objenesis\objenesis\2.6\objenesis-2.6.jar;C:\projects\mvn-repo\org\hamcrest\hamcrest-core\1.3\hamcrest-core-1.3.jar;C:\projects\mvn-repo\org\hamcrest\hamcrest-library\1.3\hamcrest-library-1.3.jar;C:\projects\mvn-repo\org\skyscreamer\jsonassert\1.5.0\jsonassert-1.5.0.jar;C:\projects\mvn-repo\com\vaadin\external\google\android-json\0.0.20131108.vaadin1\android-json-0.0.20131108.vaadin1.jar;C:\projects\mvn-repo\org\springframework\spring-core\5.0.9.RELEASE\spring-core-5.0.9.RELEASE.jar;C:\projects\mvn-repo\org\springframework\spring-jcl\5.0.9.RELEASE\spring-jcl-5.0.9.RELEASE.jar;C:\projects\mvn-repo\org\springframework\spring-test\5.0.9.RELEASE\spring-test-5.0.9.RELEASE.jar;C:\projects\mvn-repo\org\xmlunit\xmlunit-core\2.5.1\xmlunit-core-2.5.1.jar;C:\projects\mvn-repo\org\springframework\boot\spring-boot-starter-web\2.0.5.RELEASE\spring-boot-starter-web-2.0.5.RELEASE.jar;C:\projects\mvn-repo\org\springframework\boot\spring-boot-starter-json\2.0.5.RELEASE\spring-boot-starter-json-2.0.5.RELEASE.jar;C:\projects\mvn-repo\com\fasterxml\jackson\core\jackson-databind\2.9.6\jackson-databind-2.9.6.jar;C:\projects\mvn-repo\com\fasterxml\jackson\core\jackson-annotations\2.9.0\jackson-annotations-2.9.0.jar;C:\projects\mvn-repo\com\fasterxml\jackson\core\jackson-core\2.9.6\jackson-core-2.9.6.jar;C:\projects\mvn-repo\com\fasterxml\jackson\datatype\jackson-datatype-jdk8\2.9.6\jackson-datatype-jdk8-2.9.6.jar;C:\projects\mvn-repo\com\fasterxml\jackson\datatype\jackson-datatype-jsr310\2.9.6\jackson-datatype-jsr310-2.9.6.jar;C:\projects\mvn-repo\com\fasterxml\jackson\module\jackson-module-parameter-names\2.9.6\jackson-module-parameter-names-2.9.6.jar;C:\projects\mvn-repo\org\springframework\boot\spring-boot-starter-tomcat\2.0.5.RELEASE\spring-boot-starter-tomcat-2.0.5.RELEASE.jar;C:\projects\mvn-repo\org\apache\tomcat\embed\tomcat-embed-core\8.5.34\tomcat-embed-core-8.5.34.jar;C:\projects\mvn-repo\org\apache\tomcat\embed\tomcat-embed-el\8.5.34\tomcat-embed-el-8.5.34.jar;C:\projects\mvn-repo\org\apache\tomcat\embed\tomcat-embed-websocket\8.5.34\tomcat-embed-websocket-8.5.34.jar;C:\projects\mvn-repo\org\hibernate\validator\hibernate-validator\6.0.12.Final\hibernate-validator-6.0.12.Final.jar;C:\projects\mvn-repo\javax\validation\validation-api\2.0.1.Final\validation-api-2.0.1.Final.jar;C:\projects\mvn-repo\org\jboss\logging\jboss-logging\3.3.2.Final\jboss-logging-3.3.2.Final.jar;C:\projects\mvn-repo\com\fasterxml\classmate\1.3.4\classmate-1.3.4.jar;C:\projects\mvn-repo\org\springframework\spring-web\5.0.9.RELEASE\spring-web-5.0.9.RELEASE.jar;C:\projects\mvn-repo\org\springframework\spring-beans\5.0.9.RELEASE\spring-beans-5.0.9.RELEASE.jar;C:\projects\mvn-repo\org\springframework\spring-webmvc\5.0.9.RELEASE\spring-webmvc-5.0.9.RELEASE.jar;C:\projects\mvn-repo\org\springframework\spring-aop\5.0.9.RELEASE\spring-aop-5.0.9.RELEASE.jar;C:\projects\mvn-repo\org\springframework\spring-context\5.0.9.RELEASE\spring-context-5.0.9.RELEASE.jar;C:\projects\mvn-repo\org\springframework\spring-expression\5.0.9.RELEASE\spring-expression-5.0.9.RELEASE.jar;C:\projects\mvn-repo\com\jayway\restassured\rest-assured\2.8.0\rest-assured-2.8.0.jar;C:\projects\mvn-repo\org\codehaus\groovy\groovy\2.4.15\groovy-2.4.15.jar;C:\projects\mvn-repo\org\codehaus\groovy\groovy-xml\2.4.15\groovy-xml-2.4.15.jar;C:\projects\mvn-repo\org\ccil\cowan\tagsoup\tagsoup\1.2.1\tagsoup-1.2.1.jar;C:\projects\mvn-repo\com\jayway\restassured\xml-path\2.8.0\xml-path-2.8.0.jar;C:\projects\mvn-repo\org\apache\commons\commons-lang3\3.7\commons-lang3-3.7.jar;C:\projects\mvn-repo\com\jayway\restassured\json-path\2.8.0\json-path-2.8.0.jar;C:\projects\mvn-repo\org\codehaus\groovy\groovy-json\2.4.15\groovy-json-2.4.15.jar;C:\projects\mvn-repo\com\jayway\restassured\rest-assured-common\2.8.0\rest-assured-common-2.8.0.jar;C:\projects\mvn-repo\org\apache\httpcomponents\httpclient\4.5.1\httpclient-4.5.1.jar;C:\projects\mvn-repo\org\apache\httpcomponents\httpcore\4.4.10\httpcore-4.4.10.jar;C:\projects\mvn-repo\commons-codec\commons-codec\1.11\commons-codec-1.11.jar;C:\projects\mvn-repo\org\apache\httpcomponents\httpmime\4.5.1\httpmime-4.5.1.jar;"/>
    <property name="java.vm.vendor" value="Oracle Corporation"/>
    <property name="sun.arch.data.model" value="64"/>
    <property name="user.variant" value=""/>
    <property name="java.vendor.url" value="http://java.oracle.com/"/>
    <property name="user.timezone" value=""/>
    <property name="java.vm.specification.version" value="1.8"/>
    <property name="os.name" value="Windows 10"/>
    <property name="user.country" value="IN"/>
    <property name="sun.java.launcher" value="SUN_STANDARD"/>
    <property name="sun.boot.library.path" value="C:\Program Files\Java\jdk1.8.0_192\jre\bin"/>
    <property name="sun.java.command" value="C:\Users\SSIDDI~1\AppData\Local\Temp\surefire4863299551562762268\surefirebooter5372015458073381722.jar C:\Users\ssiddiqhi\AppData\Local\Temp\surefire4863299551562762268 2020-07-05T02-18-40_649-jvmRun1 surefire2034129960316220955tmp surefire_07374410991452392646tmp"/>
    <property name="surefire.test.class.path" value="C:\Users\ssiddiqhi\Documents\Personal files\Learnings and help files\projects\com.restApiTest\com.restApiTest\target\test-classes;C:\Users\ssiddiqhi\Documents\Personal files\Learnings and help files\projects\com.restApiTest\com.restApiTest\target\classes;C:\projects\mvn-repo\org\springframework\boot\spring-boot-starter-test\2.0.5.RELEASE\spring-boot-starter-test-2.0.5.RELEASE.jar;C:\projects\mvn-repo\org\springframework\boot\spring-boot-starter\2.0.5.RELEASE\spring-boot-starter-2.0.5.RELEASE.jar;C:\projects\mvn-repo\org\springframework\boot\spring-boot\2.0.5.RELEASE\spring-boot-2.0.5.RELEASE.jar;C:\projects\mvn-repo\org\springframework\boot\spring-boot-autoconfigure\2.0.5.RELEASE\spring-boot-autoconfigure-2.0.5.RELEASE.jar;C:\projects\mvn-repo\org\springframework\boot\spring-boot-starter-logging\2.0.5.RELEASE\spring-boot-starter-logging-2.0.5.RELEASE.jar;C:\projects\mvn-repo\ch\qos\logback\logback-classic\1.2.3\logback-classic-1.2.3.jar;C:\projects\mvn-repo\ch\qos\logback\logback-core\1.2.3\logback-core-1.2.3.jar;C:\projects\mvn-repo\org\apache\logging\log4j\log4j-to-slf4j\2.10.0\log4j-to-slf4j-2.10.0.jar;C:\projects\mvn-repo\org\apache\logging\log4j\log4j-api\2.10.0\log4j-api-2.10.0.jar;C:\projects\mvn-repo\org\slf4j\jul-to-slf4j\1.7.25\jul-to-slf4j-1.7.25.jar;C:\projects\mvn-repo\javax\annotation\javax.annotation-api\1.3.2\javax.annotation-api-1.3.2.jar;C:\projects\mvn-repo\org\yaml\snakeyaml\1.19\snakeyaml-1.19.jar;C:\projects\mvn-repo\org\springframework\boot\spring-boot-test\2.0.5.RELEASE\spring-boot-test-2.0.5.RELEASE.jar;C:\projects\mvn-repo\org\springframework\boot\spring-boot-test-autoconfigure\2.0.5.RELEASE\spring-boot-test-autoconfigure-2.0.5.RELEASE.jar;C:\projects\mvn-repo\com\jayway\jsonpath\json-path\2.4.0\json-path-2.4.0.jar;C:\projects\mvn-repo\net\minidev\json-smart\2.3\json-smart-2.3.jar;C:\projects\mvn-repo\net\minidev\accessors-smart\1.2\accessors-smart-1.2.jar;C:\projects\mvn-repo\org\ow2\asm\asm\5.0.4\asm-5.0.4.jar;C:\projects\mvn-repo\org\slf4j\slf4j-api\1.7.25\slf4j-api-1.7.25.jar;C:\projects\mvn-repo\junit\junit\4.12\junit-4.12.jar;C:\projects\mvn-repo\org\assertj\assertj-core\3.9.1\assertj-core-3.9.1.jar;C:\projects\mvn-repo\org\mockito\mockito-core\2.15.0\mockito-core-2.15.0.jar;C:\projects\mvn-repo\net\bytebuddy\byte-buddy\1.7.11\byte-buddy-1.7.11.jar;C:\projects\mvn-repo\net\bytebuddy\byte-buddy-agent\1.7.11\byte-buddy-agent-1.7.11.jar;C:\projects\mvn-repo\org\objenesis\objenesis\2.6\objenesis-2.6.jar;C:\projects\mvn-repo\org\hamcrest\hamcrest-core\1.3\hamcrest-core-1.3.jar;C:\projects\mvn-repo\org\hamcrest\hamcrest-library\1.3\hamcrest-library-1.3.jar;C:\projects\mvn-repo\org\skyscreamer\jsonassert\1.5.0\jsonassert-1.5.0.jar;C:\projects\mvn-repo\com\vaadin\external\google\android-json\0.0.20131108.vaadin1\android-json-0.0.20131108.vaadin1.jar;C:\projects\mvn-repo\org\springframework\spring-core\5.0.9.RELEASE\spring-core-5.0.9.RELEASE.jar;C:\projects\mvn-repo\org\springframework\spring-jcl\5.0.9.RELEASE\spring-jcl-5.0.9.RELEASE.jar;C:\projects\mvn-repo\org\springframework\spring-test\5.0.9.RELEASE\spring-test-5.0.9.RELEASE.jar;C:\projects\mvn-repo\org\xmlunit\xmlunit-core\2.5.1\xmlunit-core-2.5.1.jar;C:\projects\mvn-repo\org\springframework\boot\spring-boot-starter-web\2.0.5.RELEASE\spring-boot-starter-web-2.0.5.RELEASE.jar;C:\projects\mvn-repo\org\springframework\boot\spring-boot-starter-json\2.0.5.RELEASE\spring-boot-starter-json-2.0.5.RELEASE.jar;C:\projects\mvn-repo\com\fasterxml\jackson\core\jackson-databind\2.9.6\jackson-databind-2.9.6.jar;C:\projects\mvn-repo\com\fasterxml\jackson\core\jackson-annotations\2.9.0\jackson-annotations-2.9.0.jar;C:\projects\mvn-repo\com\fasterxml\jackson\core\jackson-core\2.9.6\jackson-core-2.9.6.jar;C:\projects\mvn-repo\com\fasterxml\jackson\datatype\jackson-datatype-jdk8\2.9.6\jackson-datatype-jdk8-2.9.6.jar;C:\projects\mvn-repo\com\fasterxml\jackson\datatype\jackson-datatype-jsr310\2.9.6\jackson-datatype-jsr310-2.9.6.jar;C:\projects\mvn-repo\com\fasterxml\jackson\module\jackson-module-parameter-names\2.9.6\jackson-module-parameter-names-2.9.6.jar;C:\projects\mvn-repo\org\springframework\boot\spring-boot-starter-tomcat\2.0.5.RELEASE\spring-boot-starter-tomcat-2.0.5.RELEASE.jar;C:\projects\mvn-repo\org\apache\tomcat\embed\tomcat-embed-core\8.5.34\tomcat-embed-core-8.5.34.jar;C:\projects\mvn-repo\org\apache\tomcat\embed\tomcat-embed-el\8.5.34\tomcat-embed-el-8.5.34.jar;C:\projects\mvn-repo\org\apache\tomcat\embed\tomcat-embed-websocket\8.5.34\tomcat-embed-websocket-8.5.34.jar;C:\projects\mvn-repo\org\hibernate\validator\hibernate-validator\6.0.12.Final\hibernate-validator-6.0.12.Final.jar;C:\projects\mvn-repo\javax\validation\validation-api\2.0.1.Final\validation-api-2.0.1.Final.jar;C:\projects\mvn-repo\org\jboss\logging\jboss-logging\3.3.2.Final\jboss-logging-3.3.2.Final.jar;C:\projects\mvn-repo\com\fasterxml\classmate\1.3.4\classmate-1.3.4.jar;C:\projects\mvn-repo\org\springframework\spring-web\5.0.9.RELEASE\spring-web-5.0.9.RELEASE.jar;C:\projects\mvn-repo\org\springframework\spring-beans\5.0.9.RELEASE\spring-beans-5.0.9.RELEASE.jar;C:\projects\mvn-repo\org\springframework\spring-webmvc\5.0.9.RELEASE\spring-webmvc-5.0.9.RELEASE.jar;C:\projects\mvn-repo\org\springframework\spring-aop\5.0.9.RELEASE\spring-aop-5.0.9.RELEASE.jar;C:\projects\mvn-repo\org\springframework\spring-context\5.0.9.RELEASE\spring-context-5.0.9.RELEASE.jar;C:\projects\mvn-repo\org\springframework\spring-expression\5.0.9.RELEASE\spring-expression-5.0.9.RELEASE.jar;C:\projects\mvn-repo\com\jayway\restassured\rest-assured\2.8.0\rest-assured-2.8.0.jar;C:\projects\mvn-repo\org\codehaus\groovy\groovy\2.4.15\groovy-2.4.15.jar;C:\projects\mvn-repo\org\codehaus\groovy\groovy-xml\2.4.15\groovy-xml-2.4.15.jar;C:\projects\mvn-repo\org\ccil\cowan\tagsoup\tagsoup\1.2.1\tagsoup-1.2.1.jar;C:\projects\mvn-repo\com\jayway\restassured\xml-path\2.8.0\xml-path-2.8.0.jar;C:\projects\mvn-repo\org\apache\commons\commons-lang3\3.7\commons-lang3-3.7.jar;C:\projects\mvn-repo\com\jayway\restassured\json-path\2.8.0\json-path-2.8.0.jar;C:\projects\mvn-repo\org\codehaus\groovy\groovy-json\2.4.15\groovy-json-2.4.15.jar;C:\projects\mvn-repo\com\jayway\restassured\rest-assured-common\2.8.0\rest-assured-common-2.8.0.jar;C:\projects\mvn-repo\org\apache\httpcomponents\httpclient\4.5.1\httpclient-4.5.1.jar;C:\projects\mvn-repo\org\apache\httpcomponents\httpcore\4.4.10\httpcore-4.4.10.jar;C:\projects\mvn-repo\commons-codec\commons-codec\1.11\commons-codec-1.11.jar;C:\projects\mvn-repo\org\apache\httpcomponents\httpmime\4.5.1\httpmime-4.5.1.jar;"/>
    <property name="sun.cpu.endian" value="little"/>
    <property name="user.home" value="C:\Users\ssiddiqhi"/>
    <property name="user.language" value="en"/>
    <property name="java.specification.vendor" value="Oracle Corporation"/>
    <property name="java.home" value="C:\Program Files\Java\jdk1.8.0_192\jre"/>
    <property name="basedir" value="C:\Users\ssiddiqhi\Documents\Personal files\Learnings and help files\projects\com.restApiTest\com.restApiTest"/>
    <property name="file.separator" value="\"/>
    <property name="line.separator" value="&#10;"/>
    <property name="java.vm.specification.vendor" value="Oracle Corporation"/>
    <property name="java.specification.name" value="Java Platform API Specification"/>
    <property name="java.awt.graphicsenv" value="sun.awt.Win32GraphicsEnvironment"/>
    <property name="surefire.real.class.path" value="C:\Users\SSIDDI~1\AppData\Local\Temp\surefire4863299551562762268\surefirebooter5372015458073381722.jar"/>
    <property name="sun.boot.class.path" value="C:\Program Files\Java\jdk1.8.0_192\jre\lib\resources.jar;C:\Program Files\Java\jdk1.8.0_192\jre\lib\rt.jar;C:\Program Files\Java\jdk1.8.0_192\jre\lib\sunrsasign.jar;C:\Program Files\Java\jdk1.8.0_192\jre\lib\jsse.jar;C:\Program Files\Java\jdk1.8.0_192\jre\lib\jce.jar;C:\Program Files\Java\jdk1.8.0_192\jre\lib\charsets.jar;C:\Program Files\Java\jdk1.8.0_192\jre\lib\jfr.jar;C:\Program Files\Java\jdk1.8.0_192\jre\classes"/>
    <property name="user.script" value=""/>
    <property name="sun.management.compiler" value="HotSpot 64-Bit Tiered Compilers"/>
    <property name="java.runtime.version" value="1.8.0_192-b12"/>
    <property name="user.name" value="SSiddiqhi"/>
    <property name="path.separator" value=";"/>
    <property name="os.version" value="10.0"/>
    <property name="java.endorsed.dirs" value="C:\Program Files\Java\jdk1.8.0_192\jre\lib\endorsed"/>
    <property name="java.runtime.name" value="Java(TM) SE Runtime Environment"/>
    <property name="file.encoding" value="Cp1252"/>
    <property name="java.vm.name" value="Java HotSpot(TM) 64-Bit Server VM"/>
    <property name="localRepository" value="C:\projects\mvn-repo"/>
    <property name="java.vendor.url.bug" value="http://bugreport.sun.com/bugreport/"/>
    <property name="java.io.tmpdir" value="C:\Users\SSIDDI~1\AppData\Local\Temp\"/>
    <property name="java.version" value="1.8.0_192"/>
    <property name="user.dir" value="C:\Users\ssiddiqhi\Documents\Personal files\Learnings and help files\projects\com.restApiTest\com.restApiTest"/>
    <property name="os.arch" value="amd64"/>
    <property name="java.vm.specification.name" value="Java Virtual Machine Specification"/>
    <property name="java.awt.printerjob" value="sun.awt.windows.WPrinterJob"/>
    <property name="sun.os.patch.level" value=""/>
    <property name="java.library.path" value="C:\Program Files\Java\jdk1.8.0_192\jre\bin;C:\Windows\Sun\Java\bin;C:\Windows\system32;C:\Windows;C:\Program Files (x86)\Common Files\Oracle\Java\javapath;C:\Windows\system32;C:\Windows;C:\Windows\System32\Wbem;C:\Windows\System32\WindowsPowerShell\v1.0\;C:\Windows\System32\OpenSSH\;C:\Program Files (x86)\Intel\Intel(R) Management Engine Components\DAL;C:\Program Files\Intel\Intel(R) Management Engine Components\DAL;C:\Program Files\Java\jdk1.8.0_192\bin;C:\Projects\tools\apache-maven-3.6.1\bin;C:\Program Files (x86)\Microsoft SQL Server\150\DTS\Binn\;C:\Program Files\Git\cmd;C:\Program Files\TortoiseGit\bin;C:\Users\ugur\AppData\Roaming\npm;C:\Program Files\nodejs\;C:\Program Files\Docker\Docker\resources\bin;C:\ProgramData\DockerDesktop\version-bin;C:\Users\ssiddiqhi\AppData\Local\Microsoft\WindowsApps;C:\Users\ssiddiqhi\AppData\Local\Programs\Microsoft VS Code\bin;C:\Users\ssiddiqhi\AppData\Local\GitHubDesktop\bin;C:\Users\ssiddiqhi\AppData\Local\atom\bin;C:\Users\ssiddiqhi\AppData\Roaming\npm;."/>
    <property name="java.vm.info" value="mixed mode"/>
    <property name="java.vendor" value="Oracle Corporation"/>
    <property name="java.vm.version" value="25.192-b12"/>
    <property name="java.ext.dirs" value="C:\Program Files\Java\jdk1.8.0_192\jre\lib\ext;C:\Windows\Sun\Java\lib\ext"/>
    <property name="sun.io.unicode.encoding" value="UnicodeLittle"/>
    <property name="java.class.version" value="52.0"/>
  </properties>
  <testcase name="test1SwagJson" classname="com.hackerRankApiTest.com.restApiTest.ApplicationTests" time="1.629"/>
  <testcase name="test2AddNewPet" classname="com.hackerRankApiTest.com.restApiTest.ApplicationTests" time="1.802"/>
  <testcase name="test3GetPetById" classname="com.hackerRankApiTest.com.restApiTest.ApplicationTests" time="0.754"/>
  <testcase name="test4GetPetByStatus" classname="com.hackerRankApiTest.com.restApiTest.ApplicationTests" time="3.037"/>
  <testcase name="test5UpdatePetById" classname="com.hackerRankApiTest.com.restApiTest.ApplicationTests" time="0.299"/>
  <testcase name="test6UpdatePet" classname="com.hackerRankApiTest.com.restApiTest.ApplicationTests" time="0.753"/>
  <testcase name="test7AddNewImage" classname="com.hackerRankApiTest.com.restApiTest.ApplicationTests" time="0.806"/>
  <testcase name="test8DeletePetById" classname="com.hackerRankApiTest.com.restApiTest.ApplicationTests" time="0.253"/>
  <testcase name="test9AddPetByObject" classname="com.hackerRankApiTest.com.restApiTest.ApplicationTests" time="0.834"/>
</testsuite>